[1101/101716:INFO:CONSOLE(0)] "Deprecation warning: moment construction falls back to js Date. This is discouraged and will be removed in upcoming major release. Please refer to https://github.com/moment/moment/issues/1407 for more info.," source: http://localhost/flatkit/libs/js/moment/moment.js(326)
[1101/102526:INFO:CONSOLE(0)] "Deprecation warning: moment construction falls back to js Date. This is discouraged and will be removed in upcoming major release. Please refer to https://github.com/moment/moment/issues/1407 for more info.," source: http://localhost/flatkit/libs/js/moment/moment.js(326)
[1101/105822:INFO:CONSOLE(0)] "Google Maps JavaScript API warning: NoApiKeys https://developers.google.com/maps/documentation/javascript/error-messages#no-api-keys," source: http://maps.google.com/maps-api-v3/api/js/34/16/util.js(224)
[1101/105822:INFO:CONSOLE(0)] "Google Maps JavaScript API warning: SensorNotRequired https://developers.google.com/maps/documentation/javascript/error-messages#sensor-not-required," source: http://maps.google.com/maps-api-v3/api/js/34/16/util.js(224)
[1101/114854:INFO:CONSOLE(0)] "Unsafe JavaScript attempt to access frame with URL http://localhost/Altair-Admin-Template/altair_v2.2.0/admin/html/dist/ from frame with URL https://www.youtube.com/embed/-CYs99M7hzA?rel=0. Domains, protocols and ports must match.
," source: (1)
[1101/114854:INFO:CONSOLE(0)] "Google Maps JavaScript API warning: NoApiKeys https://developers.google.com/maps/documentation/javascript/error-messages#no-api-keys," source: http://maps.google.com/maps-api-v3/api/js/34/16/util.js(224)
[1101/114854:INFO:CONSOLE(0)] "Google Maps JavaScript API warning: SensorNotRequired https://developers.google.com/maps/documentation/javascript/error-messages#sensor-not-required," source: http://maps.google.com/maps-api-v3/api/js/34/16/util.js(224)
[1102/113610:ERROR:browser_devtools_client.cc(55)] NOT IMPLEMENTED
[1102/141357:ERROR:browser_devtools_client.cc(55)] NOT IMPLEMENTED
[1102/141859:ERROR:browser_devtools_client.cc(55)] NOT IMPLEMENTED
[1102/143920:ERROR:browser_devtools_client.cc(55)] NOT IMPLEMENTED
[1102/143956:ERROR:browser_devtools_client.cc(55)] NOT IMPLEMENTED
[1102/152051:ERROR:browser_devtools_client.cc(55)] NOT IMPLEMENTED
[1102/154543:ERROR:browser_devtools_client.cc(55)] NOT IMPLEMENTED
[1102/163228:ERROR:browser_devtools_client.cc(55)] NOT IMPLEMENTED
[1102/171740:ERROR:browser_devtools_client.cc(55)] NOT IMPLEMENTED
[1102/175638:ERROR:browser_devtools_client.cc(55)] NOT IMPLEMENTED
[1102/175720:ERROR:browser_devtools_client.cc(55)] NOT IMPLEMENTED
[1102/175935:ERROR:browser_devtools_client.cc(55)] NOT IMPLEMENTED
[1102/180247:ERROR:browser_devtools_client.cc(55)] NOT IMPLEMENTED
[1102/180705:ERROR:browser_devtools_client.cc(55)] NOT IMPLEMENTED
[1102/180913:ERROR:browser_devtools_client.cc(55)] NOT IMPLEMENTED
[1102/191524:ERROR:browser_devtools_client.cc(55)] NOT IMPLEMENTED
[1102/192042:ERROR:browser_devtools_client.cc(55)] NOT IMPLEMENTED
[1102/192232:ERROR:browser_devtools_client.cc(55)] NOT IMPLEMENTED
[1102/192310:ERROR:browser_devtools_client.cc(55)] NOT IMPLEMENTED
[1102/192452:ERROR:browser_devtools_client.cc(55)] NOT IMPLEMENTED
[1102/192546:ERROR:browser_devtools_client.cc(55)] NOT IMPLEMENTED
[1102/193033:ERROR:browser_devtools_client.cc(55)] NOT IMPLEMENTED
[1102/193220:ERROR:browser_devtools_client.cc(55)] NOT IMPLEMENTED
[1102/193540:ERROR:browser_devtools_client.cc(55)] NOT IMPLEMENTED
[1102/193551:ERROR:browser_devtools_client.cc(55)] NOT IMPLEMENTED
[1102/193648:ERROR:browser_devtools_client.cc(55)] NOT IMPLEMENTED
[1103/082823:ERROR:browser_devtools_client.cc(55)] NOT IMPLEMENTED
[1103/083229:ERROR:browser_devtools_client.cc(55)] NOT IMPLEMENTED
[1103/085553:ERROR:browser_devtools_client.cc(55)] NOT IMPLEMENTED
[1103/085630:ERROR:browser_devtools_client.cc(55)] NOT IMPLEMENTED
[1103/085852:ERROR:browser_devtools_client.cc(55)] NOT IMPLEMENTED
[1103/090004:ERROR:browser_devtools_client.cc(55)] NOT IMPLEMENTED
